This is pdfTeX, Version 3.14159265-2.6-1.40.21 (MiKTeX 2.9.7400 64-bit) (preloaded format=pdflatex 2020.5.8)  14 MAY 2020 13:12
entering extended mode
**./Report_Alexi_Morin.tex
(Report_Alexi_Morin.tex
LaTeX2e <2020-02-02> patch level 5
L3 programming layer <2020-04-06>
("C:\Users\Adalia Rose\AppData\Local\Programs\MiKTeX 2.9\tex/latex/base\article
.cls"
Document Class: article 2019/12/20 v1.4l Standard LaTeX document class

("C:\Users\Adalia Rose\AppData\Local\Programs\MiKTeX 2.9\tex/latex/base\size12.
clo"
File: size12.clo 2019/12/20 v1.4l Standard LaTeX file (size option)
)
\c@part=\count167
\c@section=\count168
\c@subsection=\count169
\c@subsubsection=\count170
\c@paragraph=\count171
\c@subparagraph=\count172
\c@figure=\count173
\c@table=\count174
\abovecaptionskip=\skip47
\belowcaptionskip=\skip48
\bibindent=\dimen134
)
("C:\Users\Adalia Rose\AppData\Local\Programs\MiKTeX 2.9\tex/latex/graphics\gra
phicx.sty"
Package: graphicx 2019/11/30 v1.2a Enhanced LaTeX Graphics (DPC,SPQR)

("C:\Users\Adalia Rose\AppData\Local\Programs\MiKTeX 2.9\tex/latex/graphics\key
val.sty"
Package: keyval 2014/10/28 v1.15 key=value parser (DPC)
\KV@toks@=\toks15
)
("C:\Users\Adalia Rose\AppData\Local\Programs\MiKTeX 2.9\tex/latex/graphics\gra
phics.sty"
Package: graphics 2019/11/30 v1.4a Standard LaTeX Graphics (DPC,SPQR)

("C:\Users\Adalia Rose\AppData\Local\Programs\MiKTeX 2.9\tex/latex/graphics\tri
g.sty"
Package: trig 2016/01/03 v1.10 sin cos tan (DPC)
)
("C:\Users\Adalia Rose\AppData\Local\Programs\MiKTeX 2.9\tex/latex/graphics-cfg
\graphics.cfg"
File: graphics.cfg 2016/06/04 v1.11 sample graphics configuration
)
Package graphics Info: Driver file: pdftex.def on input line 105.

("C:\Users\Adalia Rose\AppData\Local\Programs\MiKTeX 2.9\tex/latex/graphics-def
\pdftex.def"
File: pdftex.def 2018/01/08 v1.0l Graphics/color driver for pdftex
))
\Gin@req@height=\dimen135
\Gin@req@width=\dimen136
)
("C:\Users\Adalia Rose\AppData\Local\Programs\MiKTeX 2.9\tex/latex/hyperref\hyp
erref.sty"
Package: hyperref 2020/01/14 v7.00d Hypertext links for LaTeX

("C:\Users\Adalia Rose\AppData\Local\Programs\MiKTeX 2.9\tex/generic/ltxcmds\lt
xcmds.sty"
Package: ltxcmds 2019/12/15 v1.24 LaTeX kernel commands for general use (HO)
)
("C:\Users\Adalia Rose\AppData\Local\Programs\MiKTeX 2.9\tex/generic/iftex\ifte
x.sty"
Package: iftex 2020/03/06 v1.0d TeX engine tests
)
("C:\Users\Adalia Rose\AppData\Local\Programs\MiKTeX 2.9\tex/latex/pdftexcmds\p
dftexcmds.sty"
Package: pdftexcmds 2019/11/24 v0.31 Utility functions of pdfTeX for LuaTeX (HO
)

("C:\Users\Adalia Rose\AppData\Local\Programs\MiKTeX 2.9\tex/generic/infwarerr\
infwarerr.sty"
Package: infwarerr 2019/12/03 v1.5 Providing info/warning/error messages (HO)
)
Package pdftexcmds Info: \pdf@primitive is available.
Package pdftexcmds Info: \pdf@ifprimitive is available.
Package pdftexcmds Info: \pdfdraftmode found.
)
("C:\Users\Adalia Rose\AppData\Local\Programs\MiKTeX 2.9\tex/generic/kvsetkeys\
kvsetkeys.sty"
Package: kvsetkeys 2019/12/15 v1.18 Key value parser (HO)
)
("C:\Users\Adalia Rose\AppData\Local\Programs\MiKTeX 2.9\tex/generic/kvdefineke
ys\kvdefinekeys.sty"
Package: kvdefinekeys 2019-12-19 v1.6 Define keys (HO)
)
("C:\Users\Adalia Rose\AppData\Local\Programs\MiKTeX 2.9\tex/generic/pdfescape\
pdfescape.sty"
Package: pdfescape 2019/12/09 v1.15 Implements pdfTeX's escape features (HO)
)
("C:\Users\Adalia Rose\AppData\Local\Programs\MiKTeX 2.9\tex/latex/hycolor\hyco
lor.sty"
Package: hycolor 2020-01-27 v1.10 Color options for hyperref/bookmark (HO)
)
("C:\Users\Adalia Rose\AppData\Local\Programs\MiKTeX 2.9\tex/latex/letltxmacro\
letltxmacro.sty"
Package: letltxmacro 2019/12/03 v1.6 Let assignment for LaTeX macros (HO)
)
("C:\Users\Adalia Rose\AppData\Local\Programs\MiKTeX 2.9\tex/latex/auxhook\auxh
ook.sty"
Package: auxhook 2019-12-17 v1.6 Hooks for auxiliary files (HO)
)
("C:\Users\Adalia Rose\AppData\Local\Programs\MiKTeX 2.9\tex/latex/kvoptions\kv
options.sty"
Package: kvoptions 2019/11/29 v3.13 Key value format for package options (HO)
)
\@linkdim=\dimen137
\Hy@linkcounter=\count175
\Hy@pagecounter=\count176

("C:\Users\Adalia Rose\AppData\Local\Programs\MiKTeX 2.9\tex/latex/hyperref\pd1
enc.def"
File: pd1enc.def 2020/01/14 v7.00d Hyperref: PDFDocEncoding definition (HO)
Now handling font encoding PD1 ...
... no UTF-8 mapping file for font encoding PD1
)
("C:\Users\Adalia Rose\AppData\Local\Programs\MiKTeX 2.9\tex/generic/intcalc\in
tcalc.sty"
Package: intcalc 2019/12/15 v1.3 Expandable calculations with integers (HO)
)
("C:\Users\Adalia Rose\AppData\Local\Programs\MiKTeX 2.9\tex/generic/etexcmds\e
texcmds.sty"
Package: etexcmds 2019/12/15 v1.7 Avoid name clashes with e-TeX commands (HO)
)
\Hy@SavedSpaceFactor=\count177
Package hyperref Info: Hyper figures OFF on input line 4547.
Package hyperref Info: Link nesting OFF on input line 4552.
Package hyperref Info: Hyper index ON on input line 4555.
Package hyperref Info: Plain pages OFF on input line 4562.
Package hyperref Info: Backreferencing OFF on input line 4567.
Package hyperref Info: Implicit mode ON; LaTeX internals redefined.
Package hyperref Info: Bookmarks ON on input line 4800.
\c@Hy@tempcnt=\count178

("C:\Users\Adalia Rose\AppData\Local\Programs\MiKTeX 2.9\tex/latex/url\url.sty"
\Urlmuskip=\muskip16
Package: url 2013/09/16  ver 3.4  Verb mode for urls, etc.
)
LaTeX Info: Redefining \url on input line 5159.
\XeTeXLinkMargin=\dimen138

("C:\Users\Adalia Rose\AppData\Local\Programs\MiKTeX 2.9\tex/generic/bitset\bit
set.sty"
Package: bitset 2019/12/09 v1.3 Handle bit-vector datatype (HO)

("C:\Users\Adalia Rose\AppData\Local\Programs\MiKTeX 2.9\tex/generic/bigintcalc
\bigintcalc.sty"
Package: bigintcalc 2019/12/15 v1.5 Expandable calculations on big integers (HO
)
))
\Fld@menulength=\count179
\Field@Width=\dimen139
\Fld@charsize=\dimen140
Package hyperref Info: Hyper figures OFF on input line 6430.
Package hyperref Info: Link nesting OFF on input line 6435.
Package hyperref Info: Hyper index ON on input line 6438.
Package hyperref Info: backreferencing OFF on input line 6445.
Package hyperref Info: Link coloring OFF on input line 6450.
Package hyperref Info: Link coloring with OCG OFF on input line 6455.
Package hyperref Info: PDF/A mode OFF on input line 6460.
LaTeX Info: Redefining \ref on input line 6500.
LaTeX Info: Redefining \pageref on input line 6504.

("C:\Users\Adalia Rose\AppData\Local\Programs\MiKTeX 2.9\tex/generic/atbegshi\a
tbegshi.sty"
Package: atbegshi 2019/12/05 v1.19 At begin shipout hook (HO)
)
\Hy@abspage=\count180
\c@Item=\count181
\c@Hfootnote=\count182
)
Package hyperref Info: Driver (autodetected): hpdftex.

("C:\Users\Adalia Rose\AppData\Local\Programs\MiKTeX 2.9\tex/latex/hyperref\hpd
ftex.def"
File: hpdftex.def 2020/01/14 v7.00d Hyperref driver for pdfTeX

("C:\Users\Adalia Rose\AppData\Local\Programs\MiKTeX 2.9\tex/latex/atveryend\at
veryend.sty"
Package: atveryend 2019-12-11 v1.11 Hooks at the very end of document (HO)
Package atveryend Info: \enddocument detected (standard20110627).
)
\Fld@listcount=\count183
\c@bookmark@seq@number=\count184

("C:\Users\Adalia Rose\AppData\Local\Programs\MiKTeX 2.9\tex/latex/rerunfileche
ck\rerunfilecheck.sty"
Package: rerunfilecheck 2019/12/05 v1.9 Rerun checks for auxiliary files (HO)

("C:\Users\Adalia Rose\AppData\Local\Programs\MiKTeX 2.9\tex/generic/uniquecoun
ter\uniquecounter.sty"
Package: uniquecounter 2019/12/15 v1.4 Provide unlimited unique counter (HO)
)
Package uniquecounter Info: New unique counter `rerunfilecheck' on input line 2
86.
)
\Hy@SectionHShift=\skip49
)
("C:\Users\Adalia Rose\AppData\Local\Programs\MiKTeX 2.9\tex/latex/datatool\dat
atool.sty"
Package: datatool 2019/09/27 v2.32 (NLCT)

("C:\Users\Adalia Rose\AppData\Local\Programs\MiKTeX 2.9\tex/latex/xkeyval\xkey
val.sty"
Package: xkeyval 2014/12/03 v2.7a package option processing (HA)

("C:\Users\Adalia Rose\AppData\Local\Programs\MiKTeX 2.9\tex/generic/xkeyval\xk
eyval.tex"
("C:\Users\Adalia Rose\AppData\Local\Programs\MiKTeX 2.9\tex/generic/xkeyval\xk
vutils.tex"
\XKV@toks=\toks16
\XKV@tempa@toks=\toks17
)
\XKV@depth=\count185
File: xkeyval.tex 2014/12/03 v2.7a key=value parser (HA)
))
("C:\Users\Adalia Rose\AppData\Local\Programs\MiKTeX 2.9\tex/latex/base\ifthen.
sty"
Package: ifthen 2014/09/29 v1.1c Standard LaTeX ifthen package (DPC)
)
("C:\Users\Adalia Rose\AppData\Local\Programs\MiKTeX 2.9\tex/latex/xfor\xfor.st
y"
Package: xfor 2009/02/05 v1.05 (NLCT)
)
("C:\Users\Adalia Rose\AppData\Local\Programs\MiKTeX 2.9\tex/latex/substr\subst
r.sty"
Package: substr 2009/10/20 v1.2 Handle substrings
\c@su@anzahl=\count186
)
("C:\Users\Adalia Rose\AppData\Local\Programs\MiKTeX 2.9\tex/latex/etoolbox\eto
olbox.sty"
Package: etoolbox 2019/09/21 v2.5h e-TeX tools for LaTeX (JAW)
\etb@tempcnta=\count187
)
("C:\Users\Adalia Rose\AppData\Local\Programs\MiKTeX 2.9\tex/latex/datatool\dat
atool-base.sty"
Package: datatool-base 2019/09/27 v2.32 (NLCT)

("C:\Users\Adalia Rose\AppData\Local\Programs\MiKTeX 2.9\tex/latex/amsmath\amsm
ath.sty"
Package: amsmath 2020/01/20 v2.17e AMS math features
\@mathmargin=\skip50

For additional information on amsmath, use the `?' option.

("C:\Users\Adalia Rose\AppData\Local\Programs\MiKTeX 2.9\tex/latex/amsmath\amst
ext.sty"
Package: amstext 2000/06/29 v2.01 AMS text

("C:\Users\Adalia Rose\AppData\Local\Programs\MiKTeX 2.9\tex/latex/amsmath\amsg
en.sty"
File: amsgen.sty 1999/11/30 v2.0 generic functions
\@emptytoks=\toks18
\ex@=\dimen141
))
("C:\Users\Adalia Rose\AppData\Local\Programs\MiKTeX 2.9\tex/latex/amsmath\amsb
sy.sty"
Package: amsbsy 1999/11/29 v1.2d Bold Symbols
\pmbraise@=\dimen142
)
("C:\Users\Adalia Rose\AppData\Local\Programs\MiKTeX 2.9\tex/latex/amsmath\amso
pn.sty"
Package: amsopn 2016/03/08 v2.02 operator names
)
\inf@bad=\count188
LaTeX Info: Redefining \frac on input line 227.
\uproot@=\count189
\leftroot@=\count190
LaTeX Info: Redefining \overline on input line 389.
\classnum@=\count191
\DOTSCASE@=\count192
LaTeX Info: Redefining \ldots on input line 486.
LaTeX Info: Redefining \dots on input line 489.
LaTeX Info: Redefining \cdots on input line 610.
\Mathstrutbox@=\box45
\strutbox@=\box46
\big@size=\dimen143
LaTeX Font Info:    Redeclaring font encoding OML on input line 733.
LaTeX Font Info:    Redeclaring font encoding OMS on input line 734.
\macc@depth=\count193
\c@MaxMatrixCols=\count194
\dotsspace@=\muskip17
\c@parentequation=\count195
\dspbrk@lvl=\count196
\tag@help=\toks19
\row@=\count197
\column@=\count198
\maxfields@=\count199
\andhelp@=\toks20
\eqnshift@=\dimen144
\alignsep@=\dimen145
\tagshift@=\dimen146
\tagwidth@=\dimen147
\totwidth@=\dimen148
\lineht@=\dimen149
\@envbody=\toks21
\multlinegap=\skip51
\multlinetaggap=\skip52
\mathdisplay@stack=\toks22
LaTeX Info: Redefining \[ on input line 2859.
LaTeX Info: Redefining \] on input line 2860.
)
("C:\Users\Adalia Rose\AppData\Local\Programs\MiKTeX 2.9\tex/latex/datatool\dat
atool-fp.sty"
Package: datatool-fp 2019/09/27 v2.32 (NLCT)

("C:\Users\Adalia Rose\AppData\Local\Programs\MiKTeX 2.9\tex/latex/fp\fp.sty"
Package: fp 1995/04/02

`Fixed Point Package', Version 0.8, April 2, 1995 (C) Michael Mehlich
("C:\Users\Adalia Rose\AppData\Local\Programs\MiKTeX 2.9\tex/latex/fp\defpatter
n.sty"
Package: defpattern 1994/10/12
\actioncount=\count266
)
("C:\Users\Adalia Rose\AppData\Local\Programs\MiKTeX 2.9\tex/latex/fp\fp-basic.
sty"
Package: fp-basic 1996/05/13
\FP@xs=\count267
\FP@xia=\count268
\FP@xib=\count269
\FP@xfa=\count270
\FP@xfb=\count271
\FP@rega=\count272
\FP@regb=\count273
\FP@regs=\count274
\FP@times=\count275
)
("C:\Users\Adalia Rose\AppData\Local\Programs\MiKTeX 2.9\tex/latex/fp\fp-addons
.sty"
Package: fp-addons 1995/03/15
)
("C:\Users\Adalia Rose\AppData\Local\Programs\MiKTeX 2.9\tex/latex/fp\fp-snap.s
ty"
Package: fp-snap 1995/04/05
)
("C:\Users\Adalia Rose\AppData\Local\Programs\MiKTeX 2.9\tex/latex/fp\fp-exp.st
y"
Package: fp-exp 1995/04/03
)
("C:\Users\Adalia Rose\AppData\Local\Programs\MiKTeX 2.9\tex/latex/fp\fp-trigo.
sty"
Package: fp-trigo 1995/04/14
)
("C:\Users\Adalia Rose\AppData\Local\Programs\MiKTeX 2.9\tex/latex/fp\fp-pas.st
y"
Package: fp-pas 1994/08/29
)
("C:\Users\Adalia Rose\AppData\Local\Programs\MiKTeX 2.9\tex/latex/fp\fp-random
.sty"
Package: fp-random 1995/02/23
\FPseed=\count276
)
("C:\Users\Adalia Rose\AppData\Local\Programs\MiKTeX 2.9\tex/latex/fp\fp-eqn.st
y"
Package: fp-eqn 1995/04/03
)
("C:\Users\Adalia Rose\AppData\Local\Programs\MiKTeX 2.9\tex/latex/fp\fp-upn.st
y"
Package: fp-upn 1996/10/21
)
("C:\Users\Adalia Rose\AppData\Local\Programs\MiKTeX 2.9\tex/latex/fp\fp-eval.s
ty"
Package: fp-eval 1995/04/03
)))
\@dtl@toks=\toks23
\@dtl@tmpcount=\count277
\dtl@tmplength=\skip53
\dtl@sortresult=\count278
\@dtl@numgrpsepcount=\count279
\@dtl@datatype=\count280
\dtl@codeA=\count281
\dtl@codeB=\count282
\@dtl@foreach@level=\count283
)
\dtlcolumnnum=\count284
\dtlrownum=\count285
\@dtl@before=\toks24
\@dtl@after=\toks25
\@dtl@colhead=\toks26
\dtlcurrentrow=\toks27
\dtlbeforerow=\toks28
\dtlafterrow=\toks29
\dtlforeachlevel=\count286
\c@DTLrowi=\count287
\c@DTLrowii=\count288
\c@DTLrowiii=\count289
\c@DTLrow=\count290
\dtl@rowi=\count291
\dtl@rowii=\count292
\dtl@rowiii=\count293
\@dtl@curi=\toks30
\@dtl@previ=\toks31
\@dtl@nexti=\toks32
\@dtl@curii=\toks33
\@dtl@previi=\toks34
\@dtl@nextii=\toks35
\@dtl@curiii=\toks36
\@dtl@previii=\toks37
\@dtl@nextiii=\toks38
\@dtl@elements=\count294
\@dtl@list=\toks39
\@dtl@rowa=\toks40
\@dtl@rowb=\toks41
\@dtl@toksA=\toks42
\@dtl@toksB=\toks43
\@dtl@write=\write3
\@dtl@read=\read2
\dtl@entrycr=\count295
\dtl@omitlines=\count296
)
("C:\Users\Adalia Rose\AppData\Local\Programs\MiKTeX 2.9\tex/latex/l3backend\l3
backend-pdfmode.def"
File: l3backend-pdfmode.def 2020-03-12 L3 backend support: PDF mode
\l__kernel_color_stack_int=\count297
\l__pdf_internal_box=\box47
)

LaTeX Warning: Unused global option(s):
    [a4].

(Report_Alexi_Morin.aux)
\openout1 = `Report_Alexi_Morin.aux'.

LaTeX Font Info:    Checking defaults for OML/cmm/m/it on input line 6.
LaTeX Font Info:    ... okay on input line 6.
LaTeX Font Info:    Checking defaults for OMS/cmsy/m/n on input line 6.
LaTeX Font Info:    ... okay on input line 6.
LaTeX Font Info:    Checking defaults for OT1/cmr/m/n on input line 6.
LaTeX Font Info:    ... okay on input line 6.
LaTeX Font Info:    Checking defaults for T1/cmr/m/n on input line 6.
LaTeX Font Info:    ... okay on input line 6.
LaTeX Font Info:    Checking defaults for TS1/cmr/m/n on input line 6.
LaTeX Font Info:    ... okay on input line 6.
LaTeX Font Info:    Checking defaults for OMX/cmex/m/n on input line 6.
LaTeX Font Info:    ... okay on input line 6.
LaTeX Font Info:    Checking defaults for U/cmr/m/n on input line 6.
LaTeX Font Info:    ... okay on input line 6.
LaTeX Font Info:    Checking defaults for PD1/pdf/m/n on input line 6.
LaTeX Font Info:    ... okay on input line 6.

("C:\Users\Adalia Rose\AppData\Local\Programs\MiKTeX 2.9\tex/context/base/mkii\
supp-pdf.mkii"
[Loading MPS to PDF converter (version 2006.09.02).]
\scratchcounter=\count298
\scratchdimen=\dimen150
\scratchbox=\box48
\nofMPsegments=\count299
\nofMParguments=\count300
\everyMPshowfont=\toks44
\MPscratchCnt=\count301
\MPscratchDim=\dimen151
\MPnumerator=\count302
\makeMPintoPDFobject=\count303
\everyMPtoPDFconversion=\toks45
)
("C:\Users\Adalia Rose\AppData\Local\Programs\MiKTeX 2.9\tex/latex/epstopdf-pkg
\epstopdf-base.sty"
Package: epstopdf-base 2020-01-24 v2.11 Base part for package epstopdf
Package epstopdf-base Info: Redefining graphics rule for `.eps' on input line 4
85.
)
\AtBeginShipoutBox=\box49
Package hyperref Info: Link coloring OFF on input line 6.

("C:\Users\Adalia Rose\AppData\Local\Programs\MiKTeX 2.9\tex/latex/hyperref\nam
eref.sty"
Package: nameref 2019/09/16 v2.46 Cross-referencing by name of section

("C:\Users\Adalia Rose\AppData\Local\Programs\MiKTeX 2.9\tex/latex/refcount\ref
count.sty"
Package: refcount 2019/12/15 v3.6 Data extraction from label references (HO)
)
("C:\Users\Adalia Rose\AppData\Local\Programs\MiKTeX 2.9\tex/generic/gettitlest
ring\gettitlestring.sty"
Package: gettitlestring 2019/12/15 v1.6 Cleanup title references (HO)
)
\c@section@level=\count304
)
LaTeX Info: Redefining \ref on input line 6.
LaTeX Info: Redefining \pageref on input line 6.
LaTeX Info: Redefining \nameref on input line 6.
 (Report_Alexi_Morin.out) (Report_Alexi_Morin.out)
\@outlinefile=\write4
\openout4 = `Report_Alexi_Morin.out'.


Underfull \hbox (badness 10000) in paragraph at lines 9--11

 []


Overfull \hbox (6.81532pt too wide) in paragraph at lines 12--13
[]\OT1/cmr/m/n/12 Hence the de-vel-op-ment of in-di-rect meth-ods such as geo-p
hys-i-cal and remote-
 []


Underfull \hbox (badness 10000) in paragraph at lines 20--21

 []

[1

{C:/Users/Adalia Rose/AppData/Local/MiKTeX/2.9/pdftex/config/pdftex.map}]
[2] [3]
<../hypsometric_curves/Job_hypso.png, id=60, 462.528pt x 346.896pt>
File: ../hypsometric_curves/Job_hypso.png Graphic file (type png)
<use ../hypsometric_curves/Job_hypso.png>
Package pdftex.def Info: ../hypsometric_curves/Job_hypso.png  used on input lin
e 94.
(pdftex.def)             Requested size: 231.26343pt x 173.44757pt.


LaTeX Warning: `!h' float specifier changed to `!ht'.

<../hypsometric_curves/Little kluane_hypso.png, id=62, 462.528pt x 346.896pt>
File: ../hypsometric_curves/Little kluane_hypso.png Graphic file (type png)
<use ../hypsometric_curves/Little kluane_hypso.png>
Package pdftex.def Info: ../hypsometric_curves/Little kluane_hypso.png  used on
 input line 101.
(pdftex.def)             Requested size: 231.26343pt x 173.44757pt.

LaTeX Warning: `!h' float specifier changed to `!ht'.

[4]
\dtldb@rs=\toks46
\dtlkeys@rs=\toks47
\dtlrows@rs=\count305
\dtlcols@rs=\count306

Underfull \hbox (badness 10000) in paragraph at lines 116--119

 []

[5 <../hypsometric_curves/Job_hypso.png> <../hypsometric_curves/Little kluane_h
ypso.png>]
Underfull \hbox (badness 10000) in paragraph at lines 145--149

 []

[6]
<../comparison_images/NorthGlacier_Farinotti_error.png, id=92, 650.43pt x 433.6
2pt>
File: ../comparison_images/NorthGlacier_Farinotti_error.png Graphic file (type 
png)
<use ../comparison_images/NorthGlacier_Farinotti_error.png>
Package pdftex.def Info: ../comparison_images/NorthGlacier_Farinotti_error.png 
 used on input line 160.
(pdftex.def)             Requested size: 325.2142pt x 216.80946pt.
 [7 <../comparison_images/NorthGlacier_Farinotti_error.png>]
Underfull \hbox (badness 10000) in paragraph at lines 172--173

 []


Overfull \hbox (17.19955pt too wide) in paragraph at lines 177--178
[][]$\OT1/cmtt/m/n/12 https : / / www . student . cs . uwaterloo . ca / []cs763
 / Projects / phil .
 []


Underfull \hbox (badness 10000) in paragraph at lines 182--185

 []

Package atveryend Info: Empty hook `BeforeClearDocument' on input line 193.
[8]
Package atveryend Info: Empty hook `AfterLastShipout' on input line 193.
 (Report_Alexi_Morin.aux)
Package atveryend Info: Executing hook `AtVeryEndDocument' on input line 193.
Package atveryend Info: Executing hook `AtEndAfterFileList' on input line 193.
Package rerunfilecheck Info: File `Report_Alexi_Morin.out' has not changed.
(rerunfilecheck)             Checksum: 4AEC939BA9A605DB7666177C67F8D769;481.
Package atveryend Info: Empty hook `AtVeryVeryEnd' on input line 193.
 ) 
Here is how much of TeX's memory you used:
 8113 strings out of 480930
 122423 string characters out of 2896946
 427564 words of memory out of 3000000
 23790 multiletter control sequences out of 15000+200000
 537772 words of font info for 43 fonts, out of 3000000 for 9000
 1141 hyphenation exceptions out of 8191
 51i,9n,39p,934b,444s stack positions out of 5000i,500n,10000p,200000b,50000s
 <C:\Users\Adalia Rose\AppData\Local\MiKTeX\2.9\fonts/pk/ljfour/jknappen/ec/d
pi600\tcrm1200.pk><C:/Users/Adalia Rose/AppData/Local/Programs/MiKTeX 2.9/fonts
/type1/public/amsfonts/cm/cmbx12.pfb><C:/Users/Adalia Rose/AppData/Local/Progra
ms/MiKTeX 2.9/fonts/type1/public/amsfonts/cm/cmex10.pfb><C:/Users/Adalia Rose/A
ppData/Local/Programs/MiKTeX 2.9/fonts/type1/public/amsfonts/cm/cmmi12.pfb><C:/
Users/Adalia Rose/AppData/Local/Programs/MiKTeX 2.9/fonts/type1/public/amsfonts
/cm/cmmi6.pfb><C:/Users/Adalia Rose/AppData/Local/Programs/MiKTeX 2.9/fonts/typ
e1/public/amsfonts/cm/cmmi8.pfb><C:/Users/Adalia Rose/AppData/Local/Programs/Mi
KTeX 2.9/fonts/type1/public/amsfonts/cm/cmr12.pfb><C:/Users/Adalia Rose/AppData
/Local/Programs/MiKTeX 2.9/fonts/type1/public/amsfonts/cm/cmr8.pfb><C:/Users/Ad
alia Rose/AppData/Local/Programs/MiKTeX 2.9/fonts/type1/public/amsfonts/cm/cmsy
10.pfb><C:/Users/Adalia Rose/AppData/Local/Programs/MiKTeX 2.9/fonts/type1/publ
ic/amsfonts/cm/cmsy8.pfb><C:/Users/Adalia Rose/AppData/Local/Programs/MiKTeX 2.
9/fonts/type1/public/amsfonts/cm/cmtt12.pfb>
Output written on Report_Alexi_Morin.pdf (8 pages, 244223 bytes).
PDF statistics:
 152 PDF objects out of 1000 (max. 8388607)
 29 named destinations out of 1000 (max. 500000)
 80 words of extra memory for PDF output out of 10000 (max. 10000000)

