\BOOKMARK [1][-]{section.1}{Introduction}{}% 1
\BOOKMARK [2][-]{subsection.1.1}{Motivation}{section.1}% 2
\BOOKMARK [1][-]{section.2}{Background}{}% 3
\BOOKMARK [2][-]{subsection.2.1}{ITMIX}{section.2}% 4
\BOOKMARK [1][-]{section.3}{Study sites}{}% 5
\BOOKMARK [2][-]{subsection.3.1}{North Glacier}{section.3}% 6
\BOOKMARK [3][-]{subsubsection.3.1.1}{Site description}{subsection.3.1}% 7
\BOOKMARK [3][-]{subsubsection.3.1.2}{Data available}{subsection.3.1}% 8
\BOOKMARK [2][-]{subsection.3.2}{South Glacier}{section.3}% 9
\BOOKMARK [3][-]{subsubsection.3.2.1}{Site description}{subsection.3.2}% 10
\BOOKMARK [3][-]{subsubsection.3.2.2}{Data available}{subsection.3.2}% 11
\BOOKMARK [2][-]{subsection.3.3}{Kaskawulsh Glacier}{section.3}% 12
\BOOKMARK [3][-]{subsubsection.3.3.1}{Site description}{subsection.3.3}% 13
\BOOKMARK [3][-]{subsubsection.3.3.2}{Data available}{subsection.3.3}% 14
\BOOKMARK [2][-]{subsection.3.4}{Job Glacier}{section.3}% 15
\BOOKMARK [3][-]{subsubsection.3.4.1}{Site description}{subsection.3.4}% 16
\BOOKMARK [3][-]{subsubsection.3.4.2}{Data available}{subsection.3.4}% 17
\BOOKMARK [2][-]{subsection.3.5}{Little Kluane Glacier}{section.3}% 18
\BOOKMARK [3][-]{subsubsection.3.5.1}{Site description}{subsection.3.5}% 19
\BOOKMARK [3][-]{subsubsection.3.5.2}{Data available}{subsection.3.5}% 20
\BOOKMARK [1][-]{section.4}{The global consensus estimate: assessing the error}{}% 21
\BOOKMARK [2][-]{subsection.4.1}{North Glacier}{section.4}% 22
\BOOKMARK [2][-]{subsection.4.2}{South Glacier}{section.4}% 23
\BOOKMARK [2][-]{subsection.4.3}{Kaskawulsh Glacier}{section.4}% 24
\BOOKMARK [2][-]{subsection.4.4}{Job Glacier}{section.4}% 25
\BOOKMARK [2][-]{subsection.4.5}{Little Kluane Glacier}{section.4}% 26
\BOOKMARK [2][-]{subsection.4.6}{Error quantification}{section.4}% 27
\BOOKMARK [1][-]{section.5}{GlaTe model}{}% 28
\BOOKMARK [2][-]{subsection.5.1}{The full GlaTe algorithm}{section.5}% 29
\BOOKMARK [2][-]{subsection.5.2}{Verifying GPR}{section.5}% 30
\BOOKMARK [1][-]{section.6}{Appendix}{}% 31
\BOOKMARK [2][-]{subsection.6.1}{pyGM: Tool for comparing glacier models}{section.6}% 32
\BOOKMARK [2][-]{subsection.6.2}{The Kaskawulsh glacier}{section.6}% 33
