This is pdfTeX, Version 3.14159265-2.6-1.40.21 (MiKTeX 2.9.7400 64-bit) (preloaded format=pdflatex 2020.5.8)  1 JUL 2020 16:08
entering extended mode
**./Report-v2.tex
(Report-v2.tex
LaTeX2e <2020-02-02> patch level 5
L3 programming layer <2020-04-06>
("C:\Users\Adalia Rose\AppData\Local\Programs\MiKTeX 2.9\tex/latex/base\article
.cls"
Document Class: article 2019/12/20 v1.4l Standard LaTeX document class

("C:\Users\Adalia Rose\AppData\Local\Programs\MiKTeX 2.9\tex/latex/base\size12.
clo"
File: size12.clo 2019/12/20 v1.4l Standard LaTeX file (size option)
)
\c@part=\count167
\c@section=\count168
\c@subsection=\count169
\c@subsubsection=\count170
\c@paragraph=\count171
\c@subparagraph=\count172
\c@figure=\count173
\c@table=\count174
\abovecaptionskip=\skip47
\belowcaptionskip=\skip48
\bibindent=\dimen134
)
("C:\Users\Adalia Rose\AppData\Local\Programs\MiKTeX 2.9\tex/latex/graphics\gra
phicx.sty"
Package: graphicx 2019/11/30 v1.2a Enhanced LaTeX Graphics (DPC,SPQR)

("C:\Users\Adalia Rose\AppData\Local\Programs\MiKTeX 2.9\tex/latex/graphics\key
val.sty"
Package: keyval 2014/10/28 v1.15 key=value parser (DPC)
\KV@toks@=\toks15
)
("C:\Users\Adalia Rose\AppData\Local\Programs\MiKTeX 2.9\tex/latex/graphics\gra
phics.sty"
Package: graphics 2019/11/30 v1.4a Standard LaTeX Graphics (DPC,SPQR)

("C:\Users\Adalia Rose\AppData\Local\Programs\MiKTeX 2.9\tex/latex/graphics\tri
g.sty"
Package: trig 2016/01/03 v1.10 sin cos tan (DPC)
)
("C:\Users\Adalia Rose\AppData\Local\Programs\MiKTeX 2.9\tex/latex/graphics-cfg
\graphics.cfg"
File: graphics.cfg 2016/06/04 v1.11 sample graphics configuration
)
Package graphics Info: Driver file: pdftex.def on input line 105.

("C:\Users\Adalia Rose\AppData\Local\Programs\MiKTeX 2.9\tex/latex/graphics-def
\pdftex.def"
File: pdftex.def 2018/01/08 v1.0l Graphics/color driver for pdftex
))
\Gin@req@height=\dimen135
\Gin@req@width=\dimen136
)
("C:\Users\Adalia Rose\AppData\Local\Programs\MiKTeX 2.9\tex/latex/hyperref\hyp
erref.sty"
Package: hyperref 2020/01/14 v7.00d Hypertext links for LaTeX

("C:\Users\Adalia Rose\AppData\Local\Programs\MiKTeX 2.9\tex/generic/ltxcmds\lt
xcmds.sty"
Package: ltxcmds 2019/12/15 v1.24 LaTeX kernel commands for general use (HO)
)
("C:\Users\Adalia Rose\AppData\Local\Programs\MiKTeX 2.9\tex/generic/iftex\ifte
x.sty"
Package: iftex 2020/03/06 v1.0d TeX engine tests
)
("C:\Users\Adalia Rose\AppData\Local\Programs\MiKTeX 2.9\tex/latex/pdftexcmds\p
dftexcmds.sty"
Package: pdftexcmds 2019/11/24 v0.31 Utility functions of pdfTeX for LuaTeX (HO
)

("C:\Users\Adalia Rose\AppData\Local\Programs\MiKTeX 2.9\tex/generic/infwarerr\
infwarerr.sty"
Package: infwarerr 2019/12/03 v1.5 Providing info/warning/error messages (HO)
)
Package pdftexcmds Info: \pdf@primitive is available.
Package pdftexcmds Info: \pdf@ifprimitive is available.
Package pdftexcmds Info: \pdfdraftmode found.
)
("C:\Users\Adalia Rose\AppData\Local\Programs\MiKTeX 2.9\tex/generic/kvsetkeys\
kvsetkeys.sty"
Package: kvsetkeys 2019/12/15 v1.18 Key value parser (HO)
)
("C:\Users\Adalia Rose\AppData\Local\Programs\MiKTeX 2.9\tex/generic/kvdefineke
ys\kvdefinekeys.sty"
Package: kvdefinekeys 2019-12-19 v1.6 Define keys (HO)
)
("C:\Users\Adalia Rose\AppData\Local\Programs\MiKTeX 2.9\tex/generic/pdfescape\
pdfescape.sty"
Package: pdfescape 2019/12/09 v1.15 Implements pdfTeX's escape features (HO)
)
("C:\Users\Adalia Rose\AppData\Local\Programs\MiKTeX 2.9\tex/latex/hycolor\hyco
lor.sty"
Package: hycolor 2020-01-27 v1.10 Color options for hyperref/bookmark (HO)
)
("C:\Users\Adalia Rose\AppData\Local\Programs\MiKTeX 2.9\tex/latex/letltxmacro\
letltxmacro.sty"
Package: letltxmacro 2019/12/03 v1.6 Let assignment for LaTeX macros (HO)
)
("C:\Users\Adalia Rose\AppData\Local\Programs\MiKTeX 2.9\tex/latex/auxhook\auxh
ook.sty"
Package: auxhook 2019-12-17 v1.6 Hooks for auxiliary files (HO)
)
("C:\Users\Adalia Rose\AppData\Local\Programs\MiKTeX 2.9\tex/latex/kvoptions\kv
options.sty"
Package: kvoptions 2019/11/29 v3.13 Key value format for package options (HO)
)
\@linkdim=\dimen137
\Hy@linkcounter=\count175
\Hy@pagecounter=\count176

("C:\Users\Adalia Rose\AppData\Local\Programs\MiKTeX 2.9\tex/latex/hyperref\pd1
enc.def"
File: pd1enc.def 2020/01/14 v7.00d Hyperref: PDFDocEncoding definition (HO)
Now handling font encoding PD1 ...
... no UTF-8 mapping file for font encoding PD1
)
("C:\Users\Adalia Rose\AppData\Local\Programs\MiKTeX 2.9\tex/generic/intcalc\in
tcalc.sty"
Package: intcalc 2019/12/15 v1.3 Expandable calculations with integers (HO)
)
("C:\Users\Adalia Rose\AppData\Local\Programs\MiKTeX 2.9\tex/generic/etexcmds\e
texcmds.sty"
Package: etexcmds 2019/12/15 v1.7 Avoid name clashes with e-TeX commands (HO)
)
\Hy@SavedSpaceFactor=\count177
Package hyperref Info: Hyper figures OFF on input line 4547.
Package hyperref Info: Link nesting OFF on input line 4552.
Package hyperref Info: Hyper index ON on input line 4555.
Package hyperref Info: Plain pages OFF on input line 4562.
Package hyperref Info: Backreferencing OFF on input line 4567.
Package hyperref Info: Implicit mode ON; LaTeX internals redefined.
Package hyperref Info: Bookmarks ON on input line 4800.
\c@Hy@tempcnt=\count178

("C:\Users\Adalia Rose\AppData\Local\Programs\MiKTeX 2.9\tex/latex/url\url.sty"
\Urlmuskip=\muskip16
Package: url 2013/09/16  ver 3.4  Verb mode for urls, etc.
)
LaTeX Info: Redefining \url on input line 5159.
\XeTeXLinkMargin=\dimen138

("C:\Users\Adalia Rose\AppData\Local\Programs\MiKTeX 2.9\tex/generic/bitset\bit
set.sty"
Package: bitset 2019/12/09 v1.3 Handle bit-vector datatype (HO)

("C:\Users\Adalia Rose\AppData\Local\Programs\MiKTeX 2.9\tex/generic/bigintcalc
\bigintcalc.sty"
Package: bigintcalc 2019/12/15 v1.5 Expandable calculations on big integers (HO
)
))
\Fld@menulength=\count179
\Field@Width=\dimen139
\Fld@charsize=\dimen140
Package hyperref Info: Hyper figures OFF on input line 6430.
Package hyperref Info: Link nesting OFF on input line 6435.
Package hyperref Info: Hyper index ON on input line 6438.
Package hyperref Info: backreferencing OFF on input line 6445.
Package hyperref Info: Link coloring OFF on input line 6450.
Package hyperref Info: Link coloring with OCG OFF on input line 6455.
Package hyperref Info: PDF/A mode OFF on input line 6460.
LaTeX Info: Redefining \ref on input line 6500.
LaTeX Info: Redefining \pageref on input line 6504.

("C:\Users\Adalia Rose\AppData\Local\Programs\MiKTeX 2.9\tex/generic/atbegshi\a
tbegshi.sty"
Package: atbegshi 2019/12/05 v1.19 At begin shipout hook (HO)
)
\Hy@abspage=\count180
\c@Item=\count181
\c@Hfootnote=\count182
)
Package hyperref Info: Driver (autodetected): hpdftex.

("C:\Users\Adalia Rose\AppData\Local\Programs\MiKTeX 2.9\tex/latex/hyperref\hpd
ftex.def"
File: hpdftex.def 2020/01/14 v7.00d Hyperref driver for pdfTeX

("C:\Users\Adalia Rose\AppData\Local\Programs\MiKTeX 2.9\tex/latex/atveryend\at
veryend.sty"
Package: atveryend 2019-12-11 v1.11 Hooks at the very end of document (HO)
Package atveryend Info: \enddocument detected (standard20110627).
)
\Fld@listcount=\count183
\c@bookmark@seq@number=\count184

("C:\Users\Adalia Rose\AppData\Local\Programs\MiKTeX 2.9\tex/latex/rerunfileche
ck\rerunfilecheck.sty"
Package: rerunfilecheck 2019/12/05 v1.9 Rerun checks for auxiliary files (HO)

("C:\Users\Adalia Rose\AppData\Local\Programs\MiKTeX 2.9\tex/generic/uniquecoun
ter\uniquecounter.sty"
Package: uniquecounter 2019/12/15 v1.4 Provide unlimited unique counter (HO)
)
Package uniquecounter Info: New unique counter `rerunfilecheck' on input line 2
86.
)
\Hy@SectionHShift=\skip49
)
("C:\Users\Adalia Rose\AppData\Local\Programs\MiKTeX 2.9\tex/latex/datatool\dat
atool.sty"
Package: datatool 2019/09/27 v2.32 (NLCT)

("C:\Users\Adalia Rose\AppData\Local\Programs\MiKTeX 2.9\tex/latex/xkeyval\xkey
val.sty"
Package: xkeyval 2014/12/03 v2.7a package option processing (HA)

("C:\Users\Adalia Rose\AppData\Local\Programs\MiKTeX 2.9\tex/generic/xkeyval\xk
eyval.tex"
("C:\Users\Adalia Rose\AppData\Local\Programs\MiKTeX 2.9\tex/generic/xkeyval\xk
vutils.tex"
\XKV@toks=\toks16
\XKV@tempa@toks=\toks17
)
\XKV@depth=\count185
File: xkeyval.tex 2014/12/03 v2.7a key=value parser (HA)
))
("C:\Users\Adalia Rose\AppData\Local\Programs\MiKTeX 2.9\tex/latex/base\ifthen.
sty"
Package: ifthen 2014/09/29 v1.1c Standard LaTeX ifthen package (DPC)
)
("C:\Users\Adalia Rose\AppData\Local\Programs\MiKTeX 2.9\tex/latex/xfor\xfor.st
y"
Package: xfor 2009/02/05 v1.05 (NLCT)
)
("C:\Users\Adalia Rose\AppData\Local\Programs\MiKTeX 2.9\tex/latex/substr\subst
r.sty"
Package: substr 2009/10/20 v1.2 Handle substrings
\c@su@anzahl=\count186
)
("C:\Users\Adalia Rose\AppData\Local\Programs\MiKTeX 2.9\tex/latex/etoolbox\eto
olbox.sty"
Package: etoolbox 2019/09/21 v2.5h e-TeX tools for LaTeX (JAW)
\etb@tempcnta=\count187
)
("C:\Users\Adalia Rose\AppData\Local\Programs\MiKTeX 2.9\tex/latex/datatool\dat
atool-base.sty"
Package: datatool-base 2019/09/27 v2.32 (NLCT)

("C:\Users\Adalia Rose\AppData\Local\Programs\MiKTeX 2.9\tex/latex/amsmath\amsm
ath.sty"
Package: amsmath 2020/01/20 v2.17e AMS math features
\@mathmargin=\skip50

For additional information on amsmath, use the `?' option.

("C:\Users\Adalia Rose\AppData\Local\Programs\MiKTeX 2.9\tex/latex/amsmath\amst
ext.sty"
Package: amstext 2000/06/29 v2.01 AMS text

("C:\Users\Adalia Rose\AppData\Local\Programs\MiKTeX 2.9\tex/latex/amsmath\amsg
en.sty"
File: amsgen.sty 1999/11/30 v2.0 generic functions
\@emptytoks=\toks18
\ex@=\dimen141
))
("C:\Users\Adalia Rose\AppData\Local\Programs\MiKTeX 2.9\tex/latex/amsmath\amsb
sy.sty"
Package: amsbsy 1999/11/29 v1.2d Bold Symbols
\pmbraise@=\dimen142
)
("C:\Users\Adalia Rose\AppData\Local\Programs\MiKTeX 2.9\tex/latex/amsmath\amso
pn.sty"
Package: amsopn 2016/03/08 v2.02 operator names
)
\inf@bad=\count188
LaTeX Info: Redefining \frac on input line 227.
\uproot@=\count189
\leftroot@=\count190
LaTeX Info: Redefining \overline on input line 389.
\classnum@=\count191
\DOTSCASE@=\count192
LaTeX Info: Redefining \ldots on input line 486.
LaTeX Info: Redefining \dots on input line 489.
LaTeX Info: Redefining \cdots on input line 610.
\Mathstrutbox@=\box45
\strutbox@=\box46
\big@size=\dimen143
LaTeX Font Info:    Redeclaring font encoding OML on input line 733.
LaTeX Font Info:    Redeclaring font encoding OMS on input line 734.
\macc@depth=\count193
\c@MaxMatrixCols=\count194
\dotsspace@=\muskip17
\c@parentequation=\count195
\dspbrk@lvl=\count196
\tag@help=\toks19
\row@=\count197
\column@=\count198
\maxfields@=\count199
\andhelp@=\toks20
\eqnshift@=\dimen144
\alignsep@=\dimen145
\tagshift@=\dimen146
\tagwidth@=\dimen147
\totwidth@=\dimen148
\lineht@=\dimen149
\@envbody=\toks21
\multlinegap=\skip51
\multlinetaggap=\skip52
\mathdisplay@stack=\toks22
LaTeX Info: Redefining \[ on input line 2859.
LaTeX Info: Redefining \] on input line 2860.
)
("C:\Users\Adalia Rose\AppData\Local\Programs\MiKTeX 2.9\tex/latex/datatool\dat
atool-fp.sty"
Package: datatool-fp 2019/09/27 v2.32 (NLCT)

("C:\Users\Adalia Rose\AppData\Local\Programs\MiKTeX 2.9\tex/latex/fp\fp.sty"
Package: fp 1995/04/02

`Fixed Point Package', Version 0.8, April 2, 1995 (C) Michael Mehlich
("C:\Users\Adalia Rose\AppData\Local\Programs\MiKTeX 2.9\tex/latex/fp\defpatter
n.sty"
Package: defpattern 1994/10/12
\actioncount=\count266
)
("C:\Users\Adalia Rose\AppData\Local\Programs\MiKTeX 2.9\tex/latex/fp\fp-basic.
sty"
Package: fp-basic 1996/05/13
\FP@xs=\count267
\FP@xia=\count268
\FP@xib=\count269
\FP@xfa=\count270
\FP@xfb=\count271
\FP@rega=\count272
\FP@regb=\count273
\FP@regs=\count274
\FP@times=\count275
)
("C:\Users\Adalia Rose\AppData\Local\Programs\MiKTeX 2.9\tex/latex/fp\fp-addons
.sty"
Package: fp-addons 1995/03/15
)
("C:\Users\Adalia Rose\AppData\Local\Programs\MiKTeX 2.9\tex/latex/fp\fp-snap.s
ty"
Package: fp-snap 1995/04/05
)
("C:\Users\Adalia Rose\AppData\Local\Programs\MiKTeX 2.9\tex/latex/fp\fp-exp.st
y"
Package: fp-exp 1995/04/03
)
("C:\Users\Adalia Rose\AppData\Local\Programs\MiKTeX 2.9\tex/latex/fp\fp-trigo.
sty"
Package: fp-trigo 1995/04/14
)
("C:\Users\Adalia Rose\AppData\Local\Programs\MiKTeX 2.9\tex/latex/fp\fp-pas.st
y"
Package: fp-pas 1994/08/29
)
("C:\Users\Adalia Rose\AppData\Local\Programs\MiKTeX 2.9\tex/latex/fp\fp-random
.sty"
Package: fp-random 1995/02/23
\FPseed=\count276
)
("C:\Users\Adalia Rose\AppData\Local\Programs\MiKTeX 2.9\tex/latex/fp\fp-eqn.st
y"
Package: fp-eqn 1995/04/03
)
("C:\Users\Adalia Rose\AppData\Local\Programs\MiKTeX 2.9\tex/latex/fp\fp-upn.st
y"
Package: fp-upn 1996/10/21
)
("C:\Users\Adalia Rose\AppData\Local\Programs\MiKTeX 2.9\tex/latex/fp\fp-eval.s
ty"
Package: fp-eval 1995/04/03
)))
\@dtl@toks=\toks23
\@dtl@tmpcount=\count277
\dtl@tmplength=\skip53
\dtl@sortresult=\count278
\@dtl@numgrpsepcount=\count279
\@dtl@datatype=\count280
\dtl@codeA=\count281
\dtl@codeB=\count282
\@dtl@foreach@level=\count283
)
\dtlcolumnnum=\count284
\dtlrownum=\count285
\@dtl@before=\toks24
\@dtl@after=\toks25
\@dtl@colhead=\toks26
\dtlcurrentrow=\toks27
\dtlbeforerow=\toks28
\dtlafterrow=\toks29
\dtlforeachlevel=\count286
\c@DTLrowi=\count287
\c@DTLrowii=\count288
\c@DTLrowiii=\count289
\c@DTLrow=\count290
\dtl@rowi=\count291
\dtl@rowii=\count292
\dtl@rowiii=\count293
\@dtl@curi=\toks30
\@dtl@previ=\toks31
\@dtl@nexti=\toks32
\@dtl@curii=\toks33
\@dtl@previi=\toks34
\@dtl@nextii=\toks35
\@dtl@curiii=\toks36
\@dtl@previii=\toks37
\@dtl@nextiii=\toks38
\@dtl@elements=\count294
\@dtl@list=\toks39
\@dtl@rowa=\toks40
\@dtl@rowb=\toks41
\@dtl@toksA=\toks42
\@dtl@toksB=\toks43
\@dtl@write=\write3
\@dtl@read=\read2
\dtl@entrycr=\count295
\dtl@omitlines=\count296
)
("C:\Users\Adalia Rose\AppData\Local\Programs\MiKTeX 2.9\tex/latex/apacite\apac
ite.sty"
Package: apacite 2013/07/21 v6.03 APA citation
\c@BibCnt=\count297
\bibleftmargin=\skip54
\bibindent=\skip55
\bibparsep=\skip56
\bibitemsep=\skip57
\biblabelsep=\skip58
)
("C:\Users\Adalia Rose\AppData\Local\Programs\MiKTeX 2.9\tex/latex/dingbat\ding
bat.sty"
Package: dingbat 2001/04/27 v1.00 Hands and other dingbats
)
("C:\Users\Adalia Rose\AppData\Local\Programs\MiKTeX 2.9\tex/latex/caption\subc
aption.sty"
Package: subcaption 2020/01/22 v1.3d Sub-captions (AR)

("C:\Users\Adalia Rose\AppData\Local\Programs\MiKTeX 2.9\tex/latex/caption\capt
ion.sty"
Package: caption 2020/05/10 v3.4j Customizing captions (AR)

("C:\Users\Adalia Rose\AppData\Local\Programs\MiKTeX 2.9\tex/latex/caption\capt
ion3.sty"
Package: caption3 2020/05/10 v1.11 caption3 kernel (AR)
Package caption3 Info: TeX engine: e-TeX on input line 61.
\captionmargin=\dimen150
\captionmargin@=\dimen151
\captionwidth=\dimen152
\caption@tempdima=\dimen153
\caption@indent=\dimen154
\caption@parindent=\dimen155
\caption@hangindent=\dimen156
Package caption Info: Standard document class detected.
)
\c@caption@flags=\count298
\c@continuedfloat=\count299
Package caption Info: hyperref package is loaded.
)
\c@subfigure=\count300
\c@subtable=\count301
)
("C:\Users\Adalia Rose\AppData\Local\Programs\MiKTeX 2.9\tex/latex/wrapfig\wrap
fig.sty"
\wrapoverhang=\dimen157
\WF@size=\dimen158
\c@WF@wrappedlines=\count302
\WF@box=\box47
\WF@everypar=\toks44
Package: wrapfig 2003/01/31  v 3.6
)
("C:\Users\Adalia Rose\AppData\Local\Programs\MiKTeX 2.9\tex/latex/placeins\pla
ceins.sty"
Package: placeins 2005/04/18  v 2.2
)
("C:\Users\Adalia Rose\AppData\Local\Programs\MiKTeX 2.9\tex/latex/threeparttab
le\threeparttable.sty"
Package: threeparttable 2003/06/13  v 3.0
\@tempboxb=\box48
)
("C:\Users\Adalia Rose\AppData\Local\Programs\MiKTeX 2.9\tex/latex/ragged2e\rag
ged2e.sty"
Package: ragged2e 2019/07/28 v2.2 ragged2e Package (MS)

("C:\Users\Adalia Rose\AppData\Local\Programs\MiKTeX 2.9\tex/latex/ms\everysel.
sty"
Package: everysel 2011/10/28 v1.2 EverySelectfont Package (MS)
)
\CenteringLeftskip=\skip59
\RaggedLeftLeftskip=\skip60
\RaggedRightLeftskip=\skip61
\CenteringRightskip=\skip62
\RaggedLeftRightskip=\skip63
\RaggedRightRightskip=\skip64
\CenteringParfillskip=\skip65
\RaggedLeftParfillskip=\skip66
\RaggedRightParfillskip=\skip67
\JustifyingParfillskip=\skip68
\CenteringParindent=\skip69
\RaggedLeftParindent=\skip70
\RaggedRightParindent=\skip71
\JustifyingParindent=\skip72
)
Package hyperref Info: Option `colorlinks' set `true' on input line 18.

("C:\Users\Adalia Rose\AppData\Local\Programs\MiKTeX 2.9\tex/latex/l3backend\l3
backend-pdfmode.def"
File: l3backend-pdfmode.def 2020-03-12 L3 backend support: PDF mode
\l__kernel_color_stack_int=\count303
\l__pdf_internal_box=\box49
)

LaTeX Warning: Unused global option(s):
    [a4].

(Report-v2.aux

LaTeX Warning: Label `fig:ng_alpha_dist' multiply defined.


LaTeX Warning: Label `sub@fig:ng_alpha_dist' multiply defined.


LaTeX Warning: Label `fig:sg_alpha_dist' multiply defined.


LaTeX Warning: Label `sub@fig:sg_alpha_dist' multiply defined.

)
\openout1 = `Report-v2.aux'.

LaTeX Font Info:    Checking defaults for OML/cmm/m/it on input line 20.
LaTeX Font Info:    ... okay on input line 20.
LaTeX Font Info:    Checking defaults for OMS/cmsy/m/n on input line 20.
LaTeX Font Info:    ... okay on input line 20.
LaTeX Font Info:    Checking defaults for OT1/cmr/m/n on input line 20.
LaTeX Font Info:    ... okay on input line 20.
LaTeX Font Info:    Checking defaults for T1/cmr/m/n on input line 20.
LaTeX Font Info:    ... okay on input line 20.
LaTeX Font Info:    Checking defaults for TS1/cmr/m/n on input line 20.
LaTeX Font Info:    ... okay on input line 20.
LaTeX Font Info:    Checking defaults for OMX/cmex/m/n on input line 20.
LaTeX Font Info:    ... okay on input line 20.
LaTeX Font Info:    Checking defaults for U/cmr/m/n on input line 20.
LaTeX Font Info:    ... okay on input line 20.
LaTeX Font Info:    Checking defaults for PD1/pdf/m/n on input line 20.
LaTeX Font Info:    ... okay on input line 20.

("C:\Users\Adalia Rose\AppData\Local\Programs\MiKTeX 2.9\tex/context/base/mkii\
supp-pdf.mkii"
[Loading MPS to PDF converter (version 2006.09.02).]
\scratchcounter=\count304
\scratchdimen=\dimen159
\scratchbox=\box50
\nofMPsegments=\count305
\nofMParguments=\count306
\everyMPshowfont=\toks45
\MPscratchCnt=\count307
\MPscratchDim=\dimen160
\MPnumerator=\count308
\makeMPintoPDFobject=\count309
\everyMPtoPDFconversion=\toks46
)
("C:\Users\Adalia Rose\AppData\Local\Programs\MiKTeX 2.9\tex/latex/epstopdf-pkg
\epstopdf-base.sty"
Package: epstopdf-base 2020-01-24 v2.11 Base part for package epstopdf
Package epstopdf-base Info: Redefining graphics rule for `.eps' on input line 4
85.
)
\AtBeginShipoutBox=\box51

("C:\Users\Adalia Rose\AppData\Local\Programs\MiKTeX 2.9\tex/latex/graphics\col
or.sty"
Package: color 2019/11/23 v1.2a Standard LaTeX Color (DPC)

("C:\Users\Adalia Rose\AppData\Local\Programs\MiKTeX 2.9\tex/latex/graphics-cfg
\color.cfg"
File: color.cfg 2016/01/02 v1.6 sample color configuration
)
Package color Info: Driver file: pdftex.def on input line 147.
)
Package hyperref Info: Link coloring ON on input line 20.

("C:\Users\Adalia Rose\AppData\Local\Programs\MiKTeX 2.9\tex/latex/hyperref\nam
eref.sty"
Package: nameref 2019/09/16 v2.46 Cross-referencing by name of section

("C:\Users\Adalia Rose\AppData\Local\Programs\MiKTeX 2.9\tex/latex/refcount\ref
count.sty"
Package: refcount 2019/12/15 v3.6 Data extraction from label references (HO)
)
("C:\Users\Adalia Rose\AppData\Local\Programs\MiKTeX 2.9\tex/generic/gettitlest
ring\gettitlestring.sty"
Package: gettitlestring 2019/12/15 v1.6 Cleanup title references (HO)
)
\c@section@level=\count310
)
LaTeX Info: Redefining \ref on input line 20.
LaTeX Info: Redefining \pageref on input line 20.
LaTeX Info: Redefining \nameref on input line 20.
 (Report-v2.out) (Report-v2.out)
\@outlinefile=\write4
\openout4 = `Report-v2.out'.

\c@maskedRefs=\count311

("C:\Users\Adalia Rose\AppData\Local\Programs\MiKTeX 2.9\tex/latex/apacite\engl
ish.apc"
File: english.apc 2013/07/21 v6.03 apacite language file
LaTeX Info: Redefining \BPBI on input line 129.
LaTeX Info: Redefining \BHBI on input line 130.
)
Package caption Info: Begin \AtBeginDocument code.
Package caption Info: threeparttable package is loaded.
Package caption Info: wrapfig package is loaded.
Package caption Info: End \AtBeginDocument code.
 ABD: EverySelectfont initializing macros
LaTeX Info: Redefining \selectfont on input line 20.

Underfull \hbox (badness 10000) in paragraph at lines 23--24

 []


Underfull \hbox (badness 10000) in paragraph at lines 25--26

 []

[1

{C:/Users/Adalia Rose/AppData/Local/MiKTeX/2.9/pdftex/config/pdftex.map}]
[2]
LaTeX Font Info:    Trying to load font information for U+dingbat on input line
 78.

("C:\Users\Adalia Rose\AppData\Local\Programs\MiKTeX 2.9\tex/latex/dingbat\udin
gbat.fd"
File: udingbat.fd 2001/04/27 v1.00 Font definitions for the dingbat font
)

LaTeX Warning: `!h' float specifier changed to `!ht'.

<../job_kluane_maps/Job glacier_elevation.png, id=115, 650.43pt x 578.16pt>
File: ../job_kluane_maps/Job glacier_elevation.png Graphic file (type png)
<use ../job_kluane_maps/Job glacier_elevation.png>
Package pdftex.def Info: ../job_kluane_maps/Job glacier_elevation.png  used on 
input line 107.
(pdftex.def)             Requested size: 325.2142pt x 289.07928pt.
[3]

LaTeX Warning: `!h' float specifier changed to `!ht'.


Underfull \hbox (badness 10000) in paragraph at lines 116--117

 []

[4]
<../job_kluane_maps/Little Kluane glacier_elevation.png, id=141, 650.43pt x 578
.16pt>
File: ../job_kluane_maps/Little Kluane glacier_elevation.png Graphic file (type
 png)
<use ../job_kluane_maps/Little Kluane glacier_elevation.png>
Package pdftex.def Info: ../job_kluane_maps/Little Kluane glacier_elevation.png
  used on input line 122.
(pdftex.def)             Requested size: 325.2142pt x 289.07928pt.


LaTeX Warning: `!h' float specifier changed to `!ht'.

[5 <../job_kluane_maps/Job glacier_elevation.png>]
<../job_kluane_maps/Job glacier_thickness.png, id=157, 650.43pt x 578.16pt>
File: ../job_kluane_maps/Job glacier_thickness.png Graphic file (type png)
<use ../job_kluane_maps/Job glacier_thickness.png>
Package pdftex.def Info: ../job_kluane_maps/Job glacier_thickness.png  used on 
input line 141.
(pdftex.def)             Requested size: 292.6908pt x 260.16959pt.
 [6 <../job_kluane_maps/Little Kluane glacier_elevation.png>]
<../job_kluane_maps/Job glacier_cropped_thickness.png, id=166, 578.16pt x 578.1
6pt>
File: ../job_kluane_maps/Job glacier_cropped_thickness.png Graphic file (type p
ng)
<use ../job_kluane_maps/Job glacier_cropped_thickness.png>
Package pdftex.def Info: ../job_kluane_maps/Job glacier_cropped_thickness.png  
used on input line 150.
(pdftex.def)             Requested size: 260.16959pt x 260.16959pt.


LaTeX Warning: `!h' float specifier changed to `!ht'.

<../job_kluane_maps/Job glacier_error.png, id=168, 578.16pt x 578.16pt>
File: ../job_kluane_maps/Job glacier_error.png Graphic file (type png)
<use ../job_kluane_maps/Job glacier_error.png>
Package pdftex.def Info: ../job_kluane_maps/Job glacier_error.png  used on inpu
t line 158.
(pdftex.def)             Requested size: 231.2599pt x 231.2599pt.

LaTeX Warning: `!h' float specifier changed to `!ht'.

[7 <../job_kluane_maps/Job glacier_thickness.png>]
<../job_kluane_maps/Job glacier_rel_error.png, id=180, 578.16pt x 578.16pt>
File: ../job_kluane_maps/Job glacier_rel_error.png Graphic file (type png)
<use ../job_kluane_maps/Job glacier_rel_error.png>
Package pdftex.def Info: ../job_kluane_maps/Job glacier_rel_error.png  used on 
input line 166.
(pdftex.def)             Requested size: 231.2599pt x 231.2599pt.
<../job_kluane_maps/Job glacier_xy.png, id=182, 462.528pt x 346.896pt>
File: ../job_kluane_maps/Job glacier_xy.png Graphic file (type png)
<use ../job_kluane_maps/Job glacier_xy.png>
Package pdftex.def Info: ../job_kluane_maps/Job glacier_xy.png  used on input l
ine 174.
(pdftex.def)             Requested size: 231.26343pt x 173.44757pt.


LaTeX Warning: `!h' float specifier changed to `!ht'.


LaTeX Warning: `!h' float specifier changed to `!ht'.

<../job_kluane_maps/Little Kluane glacier_thickness.png, id=186, 650.43pt x 578
.16pt>
File: ../job_kluane_maps/Little Kluane glacier_thickness.png Graphic file (type
 png)
<use ../job_kluane_maps/Little Kluane glacier_thickness.png>
Package pdftex.def Info: ../job_kluane_maps/Little Kluane glacier_thickness.png
  used on input line 182.
(pdftex.def)             Requested size: 260.16739pt x 231.2599pt.
<../job_kluane_maps/Little Kluane glacier_cropped_thickness.png, id=189, 578.16
pt x 578.16pt>
File: ../job_kluane_maps/Little Kluane glacier_cropped_thickness.png Graphic fi
le (type png)
<use ../job_kluane_maps/Little Kluane glacier_cropped_thickness.png>
Package pdftex.def Info: ../job_kluane_maps/Little Kluane glacier_cropped_thick
ness.png  used on input line 190.
(pdftex.def)             Requested size: 231.2599pt x 231.2599pt.
<../job_kluane_maps/Little Kluane glacier_error.png, id=192, 578.16pt x 578.16p
t>
File: ../job_kluane_maps/Little Kluane glacier_error.png Graphic file (type png
)
<use ../job_kluane_maps/Little Kluane glacier_error.png>
Package pdftex.def Info: ../job_kluane_maps/Little Kluane glacier_error.png  us
ed on input line 197.
(pdftex.def)             Requested size: 231.2599pt x 231.2599pt.
<../job_kluane_maps/Little Kluane glacier_rel_error.png, id=193, 578.16pt x 578
.16pt>
File: ../job_kluane_maps/Little Kluane glacier_rel_error.png Graphic file (type
 png)
<use ../job_kluane_maps/Little Kluane glacier_rel_error.png>
Package pdftex.def Info: ../job_kluane_maps/Little Kluane glacier_rel_error.png
  used on input line 204.
(pdftex.def)             Requested size: 231.2599pt x 231.2599pt.
<../job_kluane_maps/Little Kluane glacier_xy.png, id=195, 462.528pt x 346.896pt
>
File: ../job_kluane_maps/Little Kluane glacier_xy.png Graphic file (type png)
<use ../job_kluane_maps/Little Kluane glacier_xy.png>
Package pdftex.def Info: ../job_kluane_maps/Little Kluane glacier_xy.png  used 
on input line 214.
(pdftex.def)             Requested size: 231.26343pt x 173.44757pt.
[8 <../job_kluane_maps/Job glacier_cropped_thickness.png>]

LaTeX Warning: Text page 9 contains only floats.

[9 <../job_kluane_maps/Job glacier_error.png> <../job_kluane_maps/Job glacier_r
el_error.png>] [10 <../job_kluane_maps/Job glacier_xy.png> <../job_kluane_maps/
Little Kluane glacier_thickness.png>]

LaTeX Warning: `!h' float specifier changed to `!ht'.


LaTeX Warning: `!h' float specifier changed to `!ht'.

[11 <../job_kluane_maps/Little Kluane glacier_cropped_thickness.png>]

LaTeX Warning: Text page 12 contains only floats.

[12 <../job_kluane_maps/Little Kluane glacier_error.png> <../job_kluane_maps/Li
ttle Kluane glacier_rel_error.png>]
\dtldb@errdata=\toks47
\dtlkeys@errdata=\toks48
\dtlrows@errdata=\count312
\dtlcols@errdata=\count313
<../job_kluane_maps/boxplots.png, id=232, 462.528pt x 346.896pt>
File: ../job_kluane_maps/boxplots.png Graphic file (type png)
<use ../job_kluane_maps/boxplots.png>
Package pdftex.def Info: ../job_kluane_maps/boxplots.png  used on input line 25
6.
(pdftex.def)             Requested size: 272.99881pt x 204.75684pt.
<../job_kluane_maps/rel_boxplots.png, id=233, 462.528pt x 346.896pt>
File: ../job_kluane_maps/rel_boxplots.png Graphic file (type png)
<use ../job_kluane_maps/rel_boxplots.png>
Package pdftex.def Info: ../job_kluane_maps/rel_boxplots.png  used on input lin
e 256.
(pdftex.def)             Requested size: 272.99881pt x 204.75684pt.


LaTeX Warning: `!h' float specifier changed to `!ht'.

[13 <../job_kluane_maps/Little Kluane glacier_xy.png>] [14 <../job_kluane_maps/
boxplots.png> <../job_kluane_maps/rel_boxplots.png>]
<../imgs/North glacier/glate_thickness_all_models.png, id=268, 139.4811pt x 338
.9463pt>
File: ../imgs/North glacier/glate_thickness_all_models.png Graphic file (type p
ng)
<use ../imgs/North glacier/glate_thickness_all_models.png>
Package pdftex.def Info: ../imgs/North glacier/glate_thickness_all_models.png  
used on input line 307.
(pdftex.def)             Requested size: 139.48074pt x 338.94548pt.

Overfull \hbox (2.97836pt too wide) in paragraph at lines 307--307
[][] 
 []

<../imgs/South glacier/glate_thickness_all_models.png, id=269, 135.1449pt x 338
.9463pt>
File: ../imgs/South glacier/glate_thickness_all_models.png Graphic file (type p
ng)
<use ../imgs/South glacier/glate_thickness_all_models.png>
Package pdftex.def Info: ../imgs/South glacier/glate_thickness_all_models.png  
used on input line 307.
(pdftex.def)             Requested size: 135.14456pt x 338.94548pt.
<../imgs/North glacier/xy_scatter_glate_full.png, id=271, 422.7795pt x 330.9966
pt>
File: ../imgs/North glacier/xy_scatter_glate_full.png Graphic file (type png)
<use ../imgs/North glacier/xy_scatter_glate_full.png>
Package pdftex.def Info: ../imgs/North glacier/xy_scatter_glate_full.png  used 
on input line 326.
(pdftex.def)             Requested size: 272.99881pt x 213.74622pt.
<../imgs/South glacier/xy_scatter_glate_full.png, id=272, 423.5022pt x 330.9966
pt>
File: ../imgs/South glacier/xy_scatter_glate_full.png Graphic file (type png)
<use ../imgs/South glacier/xy_scatter_glate_full.png>
Package pdftex.def Info: ../imgs/South glacier/xy_scatter_glate_full.png  used 
on input line 326.
(pdftex.def)             Requested size: 272.99881pt x 213.36742pt.

Underfull \hbox (badness 10000) in paragraph at lines 291--334

 []


LaTeX Warning: `!h' float specifier changed to `!ht'.

[15]

LaTeX Warning: `!h' float specifier changed to `!ht'.

[16 <../imgs/North glacier/glate_thickness_all_models.png> <../imgs/South glaci
er/glate_thickness_all_models.png>]
<../imgs/North glacier/thickness_cropped_fewpoints_glate_farinotti_full.png, id
=290, 402.5439pt x 370.7451pt>
File: ../imgs/North glacier/thickness_cropped_fewpoints_glate_farinotti_full.pn
g Graphic file (type png)
<use ../imgs/North glacier/thickness_cropped_fewpoints_glate_farinotti_full.png
>
Package pdftex.def Info: ../imgs/North glacier/thickness_cropped_fewpoints_glat
e_farinotti_full.png  used on input line 337.
(pdftex.def)             Requested size: 201.27145pt x 185.37209pt.


LaTeX Warning: `!h' float specifier changed to `!ht'.

<../imgs/North glacier/xy_scatter_fewpoints_glate_farinotti_full.png, id=291, 5
36.9661pt x 330.9966pt>
File: ../imgs/North glacier/xy_scatter_fewpoints_glate_farinotti_full.png Graph
ic file (type png)
<use ../imgs/North glacier/xy_scatter_fewpoints_glate_farinotti_full.png>
Package pdftex.def Info: ../imgs/North glacier/xy_scatter_fewpoints_glate_farin
otti_full.png  used on input line 344.
(pdftex.def)             Requested size: 268.48239pt x 165.49788pt.

LaTeX Warning: `!h' float specifier changed to `!ht'.

[17 <../imgs/North glacier/xy_scatter_glate_full.png> <../imgs/South glacier/xy
_scatter_glate_full.png>]

Package hyperref Warning: Token not allowed in a PDF string (PDFDocEncoding):
(hyperref)                removing `math shift' on input line 351.


Package hyperref Warning: Token not allowed in a PDF string (PDFDocEncoding):
(hyperref)                removing `\alpha' on input line 351.


Package hyperref Warning: Token not allowed in a PDF string (PDFDocEncoding):
(hyperref)                removing `subscript' on input line 351.


Package hyperref Warning: Token not allowed in a PDF string (PDFDocEncoding):
(hyperref)                removing `math shift' on input line 351.

[18 <../imgs/North glacier/thickness_cropped_fewpoints_glate_farinotti_full.png
> <../imgs/North glacier/xy_scatter_fewpoints_glate_farinotti_full.png>]
<../alpha_joyplot_North glacier_0.png, id=309, 722.7pt x 361.35pt>
File: ../alpha_joyplot_North glacier_0.png Graphic file (type png)
<use ../alpha_joyplot_North glacier_0.png>
Package pdftex.def Info: ../alpha_joyplot_North glacier_0.png  used on input li
ne 359.
(pdftex.def)             Requested size: 361.3491pt x 180.67456pt.
<../alpha_joyplot_South glacier_0.png, id=310, 722.7pt x 361.35pt>
File: ../alpha_joyplot_South glacier_0.png Graphic file (type png)
<use ../alpha_joyplot_South glacier_0.png>
Package pdftex.def Info: ../alpha_joyplot_South glacier_0.png  used on input li
ne 361.
(pdftex.def)             Requested size: 361.3491pt x 180.67456pt.
<../alpha_joyplot_North glacier_2.png, id=312, 722.7pt x 361.35pt>
File: ../alpha_joyplot_North glacier_2.png Graphic file (type png)
<use ../alpha_joyplot_North glacier_2.png>
Package pdftex.def Info: ../alpha_joyplot_North glacier_2.png  used on input li
ne 371.
(pdftex.def)             Requested size: 361.3491pt x 180.67456pt.
<../alpha_joyplot_South glacier_2.png, id=313, 722.7pt x 361.35pt>
File: ../alpha_joyplot_South glacier_2.png Graphic file (type png)
<use ../alpha_joyplot_South glacier_2.png>
Package pdftex.def Info: ../alpha_joyplot_South glacier_2.png  used on input li
ne 373.
(pdftex.def)             Requested size: 361.3491pt x 180.67456pt.

Underfull \hbox (badness 10000) in paragraph at lines 354--380

 []


Underfull \hbox (badness 10000) in paragraph at lines 354--380

 []


LaTeX Warning: `!h' float specifier changed to `!ht'.


LaTeX Warning: `!h' float specifier changed to `!ht'.

[19] [20 <../alpha_joyplot_North glacier_0.png> <../alpha_joyplot_South glacier
_0.png>] [21 <../alpha_joyplot_North glacier_2.png> <../alpha_joyplot_South gla
cier_2.png>]
<../imgs/Kaskawulsh glacier/thickness_cropped_consensus.png, id=339, 470.4777pt
 x 245.718pt>
File: ../imgs/Kaskawulsh glacier/thickness_cropped_consensus.png Graphic file (
type png)
<use ../imgs/Kaskawulsh glacier/thickness_cropped_consensus.png>
Package pdftex.def Info: ../imgs/Kaskawulsh glacier/thickness_cropped_consensus
.png  used on input line 395.
(pdftex.def)             Requested size: 235.23827pt x 122.85869pt.
<../imgs/Kaskawulsh glacier/xy_scatter_consensus.png, id=340, 461.8053pt x 327.
3831pt>
File: ../imgs/Kaskawulsh glacier/xy_scatter_consensus.png Graphic file (type pn
g)
<use ../imgs/Kaskawulsh glacier/xy_scatter_consensus.png>
Package pdftex.def Info: ../imgs/Kaskawulsh glacier/xy_scatter_consensus.png  u
sed on input line 401.
(pdftex.def)             Requested size: 230.90207pt x 163.69115pt.

Underfull \hbox (badness 10000) in paragraph at lines 384--406

 []


Underfull \hbox (badness 10000) in paragraph at lines 384--406

 []


LaTeX Warning: `!h' float specifier changed to `!ht'.


LaTeX Warning: `!h' float specifier changed to `!ht'.

[22

] (Report-v2.bbl [23 <../imgs/Kaskawulsh glacier/thickness_cropped_consensus.pn
g> <../imgs/Kaskawulsh glacier/xy_scatter_consensus.png>])
Package atveryend Info: Empty hook `BeforeClearDocument' on input line 414.
 [24]
Package atveryend Info: Empty hook `AfterLastShipout' on input line 414.

(Report-v2.aux)
Package atveryend Info: Executing hook `AtVeryEndDocument' on input line 414.
Package atveryend Info: Executing hook `AtEndAfterFileList' on input line 414.
Package rerunfilecheck Info: File `Report-v2.out' has not changed.
(rerunfilecheck)             Checksum: 3EA4F34DD2DB12031376DD4B33ED0CF5;1147.


LaTeX Warning: There were multiply-defined labels.

Package atveryend Info: Empty hook `AtVeryVeryEnd' on input line 414.
 ) 
Here is how much of TeX's memory you used:
 10320 strings out of 480930
 165258 string characters out of 2896946
 467376 words of memory out of 3000000
 25861 multiletter control sequences out of 15000+200000
 544251 words of font info for 66 fonts, out of 3000000 for 9000
 1141 hyphenation exceptions out of 8191
 62i,16n,100p,1467b,578s stack positions out of 5000i,500n,10000p,200000b,50000s
 <C:\Users\Adalia Rose\AppData\Local\MiKTeX\2.9\fonts/pk/ljfour/public/dingba
t/dpi600\dingbat.pk> <C:\Users\Adalia Rose\AppData\Local\MiKTeX\2.9\fonts/pk/lj
four/public/dingbat/dpi720\dingbat.pk> <C:\Users\Adalia Rose\AppData\Local\MiKT
eX\2.9\fonts/pk/ljfour/jknappen/ec/dpi600\tcrm1200.pk><C:/Users/Adalia Rose/App
Data/Local/Programs/MiKTeX 2.9/fonts/type1/public/amsfonts/cm/cmbx10.pfb><C:/Us
ers/Adalia Rose/AppData/Local/Programs/MiKTeX 2.9/fonts/type1/public/amsfonts/c
m/cmbx12.pfb><C:/Users/Adalia Rose/AppData/Local/Programs/MiKTeX 2.9/fonts/type
1/public/amsfonts/cm/cmbxti10.pfb><C:/Users/Adalia Rose/AppData/Local/Programs/
MiKTeX 2.9/fonts/type1/public/amsfonts/cm/cmex10.pfb><C:/Users/Adalia Rose/AppD
ata/Local/Programs/MiKTeX 2.9/fonts/type1/public/amsfonts/cm/cmmi10.pfb><C:/Use
rs/Adalia Rose/AppData/Local/Programs/MiKTeX 2.9/fonts/type1/public/amsfonts/cm
/cmmi12.pfb><C:/Users/Adalia Rose/AppData/Local/Programs/MiKTeX 2.9/fonts/type1
/public/amsfonts/cm/cmmi7.pfb><C:/Users/Adalia Rose/AppData/Local/Programs/MiKT
eX 2.9/fonts/type1/public/amsfonts/cm/cmmi8.pfb><C:/Users/Adalia Rose/AppData/L
ocal/Programs/MiKTeX 2.9/fonts/type1/public/amsfonts/cm/cmmib10.pfb><C:/Users/A
dalia Rose/AppData/Local/Programs/MiKTeX 2.9/fonts/type1/public/amsfonts/cmextr
a/cmmib8.pfb><C:/Users/Adalia Rose/AppData/Local/Programs/MiKTeX 2.9/fonts/type
1/public/amsfonts/cm/cmr10.pfb><C:/Users/Adalia Rose/AppData/Local/Programs/MiK
TeX 2.9/fonts/type1/public/amsfonts/cm/cmr12.pfb><C:/Users/Adalia Rose/AppData/
Local/Programs/MiKTeX 2.9/fonts/type1/public/amsfonts/cm/cmr7.pfb><C:/Users/Ada
lia Rose/AppData/Local/Programs/MiKTeX 2.9/fonts/type1/public/amsfonts/cm/cmr8.
pfb><C:/Users/Adalia Rose/AppData/Local/Programs/MiKTeX 2.9/fonts/type1/public/
amsfonts/cm/cmsy10.pfb><C:/Users/Adalia Rose/AppData/Local/Programs/MiKTeX 2.9/
fonts/type1/public/amsfonts/cm/cmsy8.pfb><C:/Users/Adalia Rose/AppData/Local/Pr
ograms/MiKTeX 2.9/fonts/type1/public/amsfonts/cm/cmti12.pfb>
Output written on Report-v2.pdf (24 pages, 1767880 bytes).
PDF statistics:
 444 PDF objects out of 1000 (max. 8388607)
 82 named destinations out of 1000 (max. 500000)
 283 words of extra memory for PDF output out of 10000 (max. 10000000)

